Grammar

    0 $accept: comamnd $end

    1 comamnd: A

    2 A: 'a'
    3  | '(' A ')'


Terminals, with rules where they appear

    $end (0) 0
    '(' (40) 3
    ')' (41) 3
    'a' (97) 2
    error (256)


Nonterminals, with rules where they appear

    $accept (6)
        on left: 0
    comamnd (7)
        on left: 1
        on right: 0
    A (8)
        on left: 2 3
        on right: 1 3


State 0

    0 $accept: • comamnd $end

    'a'  shift, and go to state 1
    '('  shift, and go to state 2

    comamnd  go to state 3
    A        go to state 4


State 1

    2 A: 'a' •

    $default  reduce using rule 2 (A)


State 2

    3 A: '(' • A ')'

    'a'  shift, and go to state 1
    '('  shift, and go to state 2

    A  go to state 5


State 3

    0 $accept: comamnd • $end

    $end  shift, and go to state 6


State 4

    1 comamnd: A •

    $default  reduce using rule 1 (comamnd)


State 5

    3 A: '(' A • ')'

    ')'  shift, and go to state 7


State 6

    0 $accept: comamnd $end •

    $default  accept


State 7

    3 A: '(' A ')' •

    $default  reduce using rule 3 (A)
